  game.cpp
C:\Users\pelke\OneDrive\Documents\GitHub\-Vertical-Purrsuit-\Vertical Purrsuit\Cat.h(25,24): warning C4305: 'initializing': truncation from 'double' to 'const float'
  (compiling source file 'game.cpp')
  
C:\Users\pelke\OneDrive\Documents\GitHub\-Vertical-Purrsuit-\Vertical Purrsuit\Cat.h(26,21): warning C4305: 'initializing': truncation from 'double' to 'const float'
  (compiling source file 'game.cpp')
  
C:\Users\pelke\OneDrive\Documents\Visual Studio 2022\Projects\SFML-3.0\include\SFML\System\Exception.hpp(41,47): warning C4275: non dll-interface class 'std::runtime_error' used as base for dll-interface class 'sf::Exception'
  (compiling source file 'game.cpp')
      C:\Program Files\Microsoft Visual Studio\2022\Community\VC\Tools\MSVC\14.42.34433\include\stdexcept(100,19):
      see declaration of 'std::runtime_error'
      C:\Users\pelke\OneDrive\Documents\Visual Studio 2022\Projects\SFML-3.0\include\SFML\System\Exception.hpp(41,23):
      see declaration of 'sf::Exception'
  
libdragonfly-x64-debug.lib(Animation.obj) : warning LNK4099: PDB '' was not found with 'libdragonfly-x64-debug.lib(Animation.obj)' or at ''; linking object as if no debug info
libdragonfly-x64-debug.lib(Box.obj) : warning LNK4099: PDB '' was not found with 'libdragonfly-x64-debug.lib(Box.obj)' or at ''; linking object as if no debug info
libdragonfly-x64-debug.lib(Circle.obj) : warning LNK4099: PDB '' was not found with 'libdragonfly-x64-debug.lib(Circle.obj)' or at ''; linking object as if no debug info
libdragonfly-x64-debug.lib(Config.obj) : warning LNK4099: PDB '' was not found with 'libdragonfly-x64-debug.lib(Config.obj)' or at ''; linking object as if no debug info
libdragonfly-x64-debug.lib(Debris.obj) : warning LNK4099: PDB '' was not found with 'libdragonfly-x64-debug.lib(Debris.obj)' or at ''; linking object as if no debug info
libdragonfly-x64-debug.lib(DisplayManager.obj) : warning LNK4099: PDB '' was not found with 'libdragonfly-x64-debug.lib(DisplayManager.obj)' or at ''; linking object as if no debug info
libdragonfly-x64-debug.lib(Event.obj) : warning LNK4099: PDB '' was not found with 'libdragonfly-x64-debug.lib(Event.obj)' or at ''; linking object as if no debug info
libdragonfly-x64-debug.lib(EventCollision.obj) : warning LNK4099: PDB '' was not found with 'libdragonfly-x64-debug.lib(EventCollision.obj)' or at ''; linking object as if no debug info
libdragonfly-x64-debug.lib(EventKeyboard.obj) : warning LNK4099: PDB '' was not found with 'libdragonfly-x64-debug.lib(EventKeyboard.obj)' or at ''; linking object as if no debug info
libdragonfly-x64-debug.lib(EventMouse.obj) : warning LNK4099: PDB '' was not found with 'libdragonfly-x64-debug.lib(EventMouse.obj)' or at ''; linking object as if no debug info
libdragonfly-x64-debug.lib(EventNetwork.obj) : warning LNK4099: PDB '' was not found with 'libdragonfly-x64-debug.lib(EventNetwork.obj)' or at ''; linking object as if no debug info
libdragonfly-x64-debug.lib(EventNetworkAccept.obj) : warning LNK4099: PDB '' was not found with 'libdragonfly-x64-debug.lib(EventNetworkAccept.obj)' or at ''; linking object as if no debug info
libdragonfly-x64-debug.lib(EventNetworkClose.obj) : warning LNK4099: PDB '' was not found with 'libdragonfly-x64-debug.lib(EventNetworkClose.obj)' or at ''; linking object as if no debug info
libdragonfly-x64-debug.lib(EventNetworkConnect.obj) : warning LNK4099: PDB '' was not found with 'libdragonfly-x64-debug.lib(EventNetworkConnect.obj)' or at ''; linking object as if no debug info
libdragonfly-x64-debug.lib(EventOut.obj) : warning LNK4099: PDB '' was not found with 'libdragonfly-x64-debug.lib(EventOut.obj)' or at ''; linking object as if no debug info
libdragonfly-x64-debug.lib(EventPath.obj) : warning LNK4099: PDB '' was not found with 'libdragonfly-x64-debug.lib(EventPath.obj)' or at ''; linking object as if no debug info
libdragonfly-x64-debug.lib(EventStep.obj) : warning LNK4099: PDB '' was not found with 'libdragonfly-x64-debug.lib(EventStep.obj)' or at ''; linking object as if no debug info
libdragonfly-x64-debug.lib(Firework.obj) : warning LNK4099: PDB '' was not found with 'libdragonfly-x64-debug.lib(Firework.obj)' or at ''; linking object as if no debug info
libdragonfly-x64-debug.lib(Frame.obj) : warning LNK4099: PDB '' was not found with 'libdragonfly-x64-debug.lib(Frame.obj)' or at ''; linking object as if no debug info
libdragonfly-x64-debug.lib(GameManager.obj) : warning LNK4099: PDB '' was not found with 'libdragonfly-x64-debug.lib(GameManager.obj)' or at ''; linking object as if no debug info
libdragonfly-x64-debug.lib(Grid.obj) : warning LNK4099: PDB '' was not found with 'libdragonfly-x64-debug.lib(Grid.obj)' or at ''; linking object as if no debug info
libdragonfly-x64-debug.lib(InputManager.obj) : warning LNK4099: PDB '' was not found with 'libdragonfly-x64-debug.lib(InputManager.obj)' or at ''; linking object as if no debug info
libdragonfly-x64-debug.lib(Line.obj) : warning LNK4099: PDB '' was not found with 'libdragonfly-x64-debug.lib(Line.obj)' or at ''; linking object as if no debug info
libdragonfly-x64-debug.lib(LogManager.obj) : warning LNK4099: PDB '' was not found with 'libdragonfly-x64-debug.lib(LogManager.obj)' or at ''; linking object as if no debug info
libdragonfly-x64-debug.lib(Manager.obj) : warning LNK4099: PDB '' was not found with 'libdragonfly-x64-debug.lib(Manager.obj)' or at ''; linking object as if no debug info
libdragonfly-x64-debug.lib(Music.obj) : warning LNK4099: PDB '' was not found with 'libdragonfly-x64-debug.lib(Music.obj)' or at ''; linking object as if no debug info
libdragonfly-x64-debug.lib(NetworkManager.obj) : warning LNK4099: PDB '' was not found with 'libdragonfly-x64-debug.lib(NetworkManager.obj)' or at ''; linking object as if no debug info
libdragonfly-x64-debug.lib(Object.obj) : warning LNK4099: PDB '' was not found with 'libdragonfly-x64-debug.lib(Object.obj)' or at ''; linking object as if no debug info
libdragonfly-x64-debug.lib(ObjectList.obj) : warning LNK4099: PDB '' was not found with 'libdragonfly-x64-debug.lib(ObjectList.obj)' or at ''; linking object as if no debug info
libdragonfly-x64-debug.lib(ObjectListIterator.obj) : warning LNK4099: PDB '' was not found with 'libdragonfly-x64-debug.lib(ObjectListIterator.obj)' or at ''; linking object as if no debug info
libdragonfly-x64-debug.lib(Particle.obj) : warning LNK4099: PDB '' was not found with 'libdragonfly-x64-debug.lib(Particle.obj)' or at ''; linking object as if no debug info
libdragonfly-x64-debug.lib(Path.obj) : warning LNK4099: PDB '' was not found with 'libdragonfly-x64-debug.lib(Path.obj)' or at ''; linking object as if no debug info
libdragonfly-x64-debug.lib(PathFind.obj) : warning LNK4099: PDB '' was not found with 'libdragonfly-x64-debug.lib(PathFind.obj)' or at ''; linking object as if no debug info
libdragonfly-x64-debug.lib(PathManager.obj) : warning LNK4099: PDB '' was not found with 'libdragonfly-x64-debug.lib(PathManager.obj)' or at ''; linking object as if no debug info
libdragonfly-x64-debug.lib(Precipitation.obj) : warning LNK4099: PDB '' was not found with 'libdragonfly-x64-debug.lib(Precipitation.obj)' or at ''; linking object as if no debug info
libdragonfly-x64-debug.lib(ResourceManager.obj) : warning LNK4099: PDB '' was not found with 'libdragonfly-x64-debug.lib(ResourceManager.obj)' or at ''; linking object as if no debug info
libdragonfly-x64-debug.lib(SceneGraph.obj) : warning LNK4099: PDB '' was not found with 'libdragonfly-x64-debug.lib(SceneGraph.obj)' or at ''; linking object as if no debug info
libdragonfly-x64-debug.lib(Shape.obj) : warning LNK4099: PDB '' was not found with 'libdragonfly-x64-debug.lib(Shape.obj)' or at ''; linking object as if no debug info
libdragonfly-x64-debug.lib(Sound.obj) : warning LNK4099: PDB '' was not found with 'libdragonfly-x64-debug.lib(Sound.obj)' or at ''; linking object as if no debug info
libdragonfly-x64-debug.lib(Splash.obj) : warning LNK4099: PDB '' was not found with 'libdragonfly-x64-debug.lib(Splash.obj)' or at ''; linking object as if no debug info
libdragonfly-x64-debug.lib(SplashDragonfly.obj) : warning LNK4099: PDB '' was not found with 'libdragonfly-x64-debug.lib(SplashDragonfly.obj)' or at ''; linking object as if no debug info
libdragonfly-x64-debug.lib(Sprite.obj) : warning LNK4099: PDB '' was not found with 'libdragonfly-x64-debug.lib(Sprite.obj)' or at ''; linking object as if no debug info
libdragonfly-x64-debug.lib(utility.obj) : warning LNK4099: PDB '' was not found with 'libdragonfly-x64-debug.lib(utility.obj)' or at ''; linking object as if no debug info
libdragonfly-x64-debug.lib(Vector.obj) : warning LNK4099: PDB '' was not found with 'libdragonfly-x64-debug.lib(Vector.obj)' or at ''; linking object as if no debug info
libdragonfly-x64-debug.lib(WorldManager.obj) : warning LNK4099: PDB '' was not found with 'libdragonfly-x64-debug.lib(WorldManager.obj)' or at ''; linking object as if no debug info
  Vertical Purrsuit.vcxproj -> C:\Users\pelke\OneDrive\Documents\GitHub\-Vertical-Purrsuit-\Vertical Purrsuit\x64\Debug\Vertical Purrsuit.exe
