  Cat.cpp
C:\Users\pelke\OneDrive\Documents\Visual Studio 2022\Projects\SFML-3.0\include\SFML\System\Exception.hpp(41,47): warning C4275: non dll-interface class 'std::runtime_error' used as base for dll-interface class 'sf::Exception'
  (compiling source file 'Cat.cpp')
      C:\Program Files\Microsoft Visual Studio\2022\Community\VC\Tools\MSVC\14.42.34433\include\stdexcept(100,19):
      see declaration of 'std::runtime_error'
      C:\Users\pelke\OneDrive\Documents\Visual Studio 2022\Projects\SFML-3.0\include\SFML\System\Exception.hpp(41,23):
      see declaration of 'sf::Exception'
  
C:\Users\pelke\OneDrive\Documents\GitHub\Vertical Purrsuit\Vertical Purrsuit\Cat.h(29,24): warning C4305: 'initializing': truncation from 'double' to 'const float'
  (compiling source file 'Cat.cpp')
  
C:\Users\pelke\OneDrive\Documents\GitHub\Vertical Purrsuit\Vertical Purrsuit\Cat.h(30,27): warning C4305: 'initializing': truncation from 'double' to 'const float'
  (compiling source file 'Cat.cpp')
  
C:\Users\pelke\OneDrive\Documents\GitHub\Vertical Purrsuit\Vertical Purrsuit\Cat.cpp(65,20): warning C4244: 'initializing': conversion from 'int' to 'float', possible loss of data
C:\Users\pelke\OneDrive\Documents\GitHub\Vertical Purrsuit\Vertical Purrsuit\Cat.cpp(66,19): warning C4244: 'initializing': conversion from 'int' to 'float', possible loss of data
  game.cpp
C:\Users\pelke\OneDrive\Documents\Visual Studio 2022\Projects\SFML-3.0\include\SFML\System\Exception.hpp(41,47): warning C4275: non dll-interface class 'std::runtime_error' used as base for dll-interface class 'sf::Exception'
  (compiling source file 'game.cpp')
      C:\Program Files\Microsoft Visual Studio\2022\Community\VC\Tools\MSVC\14.42.34433\include\stdexcept(100,19):
      see declaration of 'std::runtime_error'
      C:\Users\pelke\OneDrive\Documents\Visual Studio 2022\Projects\SFML-3.0\include\SFML\System\Exception.hpp(41,23):
      see declaration of 'sf::Exception'
  
C:\Users\pelke\OneDrive\Documents\GitHub\Vertical Purrsuit\Vertical Purrsuit\Cat.h(29,24): warning C4305: 'initializing': truncation from 'double' to 'const float'
  (compiling source file 'game.cpp')
  
C:\Users\pelke\OneDrive\Documents\GitHub\Vertical Purrsuit\Vertical Purrsuit\Cat.h(30,27): warning C4305: 'initializing': truncation from 'double' to 'const float'
  (compiling source file 'game.cpp')
  
  Generating Code...
  Vertical Purrsuit.vcxproj -> C:\Users\pelke\OneDrive\Documents\GitHub\Vertical Purrsuit\Vertical Purrsuit\x64\Debug\Vertical Purrsuit.exe
